  l;w?EBj0: 000000000000000000000000000000E4  BBBBDDDD111188888888AAAA111144449999666633332222DDDD
 OB`P[wRYr: 0000000000000000000000000000014A  6666999977773333EEEEEEEE44441111EEEE4444999933337777
 P3l&}?/>+: 00000000000000000000000000000121  DDDD888877775555444477779999777788884444222222226666
 mA|/b*f8*: 00000000000000000000000000000197  444400000000CCCCFFFF999955552222BBBBAAAAEEEEEEEE8888
 rIz}ON\bq: 00000000000000000000000000000127  CCCC00000000777755558888AAAA1111AAAA3333FFFF55558888
 tP(Lc~z7L: 0000000000000000000000000000010F  EEEEEEEE555599991111BBBB888844449999FFFF8888FFFF0000
!+bu_p2o|U: 0000000000000000000000000000012B  DDDD00003333333322226666EEEEBBBB000011117777FFFF4444
!CVR/>br$7: 0000000000000000000000000000015F  AAAA55550000EEEEBBBB222255557777999955556666AAAA0000
!O#,bf@.n7: 0000000000000000000000000000017E  8888EEEE77774444BBBB66665555444488889999FFFFFFFF3333
!f'm[z2_8*: 000000000000000000000000000000FF  CCCCDDDD1111EEEEDDDDCCCCEEEECCCCBBBB7777FFFF00000000
"!r4ugwZcz: 00000000000000000000000000000059  22226666CCCCEEEE6666FFFF888822220000333366662222EEEE
"3tP1u=jW4: 00000000000000000000000000000174  888811118888555555557777AAAA777733336666BBBB5555DDDD
">w6(m?EmG: 000000000000000000000000000001B5  AAAACCCC6666AAAAEEEEAAAAAAAACCCC1111BBBBBBBBDDDD2222
"Pv\XSPg39: 000000000000000000000000000001E8  1111EEEEFFFF777744446666222288885555AAAA6666FFFF9999
"Y/L31.][w: 00000000000000000000000000000133  888811110000888899998888CCCC222244447777DDDDEEEECCCC
"im`A0d9Z=: 0000000000000000000000000000018F  555588885555CCCC6666AAAA9999BBBB77775555888877770000
#Yh\5HjDLp: 0000000000000000000000000000009C  33338888EEEEFFFFDDDDDDDDAAAA7777EEEE0000EEEE99995555
#_X?4}FY;Z: 00000000000000000000000000000117  11117777333366663333111144446666AAAA3333FFFF66668888
#b5@o]N5<2: 000000000000000000000000000000DF  777722229999888811116666AAAAAAAAEEEE5555777722220000
#jA`l-f@*f: 00000000000000000000000000000057  4444AAAA2222AAAAEEEE55556666CCCC3333FFFF888822228888
#u *t@NY9S: 00000000000000000000000000000116  000099996666888888884444FFFF2222EEEE7777FFFFBBBBBBBB
$,T[V,Qn53: 000000000000000000000000000000BC  55553333EEEE33332222FFFF22225555000077773333FFFF5555
$:oSKA9@rs: 0000000000000000000000000000018D  1111CCCC44442222999944440000111188885555FFFFBBBBAAAA
$B{)QcmiW2: 00000000000000000000000000000173  AAAADDDD111166660000BBBB44440000AAAA55551111AAAACCCC
%+!C&Tzi-*: 00000000000000000000000000000179  FFFF99996666111177774444333300006666EEEEEEEE0000EEEE
%,9MoF'DDm: 00000000000000000000000000000162  9999222244448888BBBB444488886666EEEE44448888FFFFFFFF
%0Z;J|!&BA: 000000000000000000000000000001B8  1111AAAAEEEE222288885555BBBBDDDDFFFF7777FFFFEEEE9999
%O3yVVUJN;: 00000000000000000000000000000137  CCCC9999BBBB2222EEEECCCCBBBB0000AAAA0000333344448888
%V*"P*(/Ez: 00000000000000000000000000000094  11110000CCCC666600002222CCCCEEEECCCCEEEE1111BBBBDDDD
%[lyiYbE+1: 000000000000000000000000000001DE  999966660000AAAAFFFFCCCCEEEEFFFFDDDDAAAA333311113333
&$CAdP11"s: 0000000000000000000000000000008E  3333DDDD7777DDDD11113333AAAABBBB44447777666622223333
&%RxO]+>X`: 000000000000000000000000000000D1  7777DDDD77778888BBBB8888EEEEAAAA222277773333FFFF6666
&9T?TQ=Nd%: 000000000000000000000000000000CA  EEEEAAAA8888EEEE2222DDDDEEEE8888111155557777BBBB7777
&AB:ZJ-(3:  000000000000000000000000000001CE  666611118888CCCC0000AAAACCCC7777555555555555EEEE3333
&u+}k9KbY": 000000000000000000000000000000CF  1111222233332222555511117777DDDD1111AAAA999933330000
&z*h\IKjxR: 000000000000000000000000000001A0  DDDD66669999DDDD999944444444AAAA888800007777EEEE1111
&~2Ch{E*nf: 00000000000000000000000000000011  6666DDDDFFFFFFFF4444EEEE11116666BBBB77776666BBBB6666
'%:YY?@b+M: 00000000000000000000000000000031  9999777777770000AAAA0000444433332222EEEE333399996666
'-zF>A2f5c: 000000000000000000000000000000E1  CCCC999977773333111144444444BBBBFFFF8888888866666666
':]$}b:Z$a: 00000000000000000000000000000065  77775555DDDD4444DDDDAAAA66660000FFFF5555DDDDAAAA2222
'?uJU@di)\: 00000000000000000000000000000112  AAAA99999999888855554444AAAA11115555888866660000FFFF
'R;'k&rExf: 00000000000000000000000000000196  AAAABBBBFFFF2222222299999999AAAA2222EEEE99993333BBBB
'Sl/Ata:?P: 000000000000000000000000000001E5  DDDDCCCC0000DDDD5555777755555555FFFF9999000022222222
'_>/ 4v}8I: 0000000000000000000000000000006E  1111EEEE000088886666333311115555666655557777CCCC3333
'f^{LC:f]z: 000000000000000000000000000001A8  3333DDDD6666CCCC888855553333AAAACCCC7777000033339999
'z4P|n>\to: 0000000000000000000000000000003B  DDDD5555AAAA3333CCCC222233330000111133335555EEEE4444
'{^VZ-\6{6: 000000000000000000000000000000F4  4444BBBB9999FFFFAAAABBBB33337777BBBB88885555DDDDDDDD
(CoKUhfB9{: 00000000000000000000000000000069  1111BBBB9999CCCCFFFF3333CCCC777755559999CCCC9999EEEE
(K@^,(hCHH: 00000000000000000000000000000119  999966663333FFFF9999AAAACCCCEEEEEEEE4444BBBB6666EEEE
(P=jd[R]&[: 00000000000000000000000000000098  BBBBAAAA99995555CCCC666688887777EEEE1111999988889999
(\+CmQF;sh: 000000000000000000000000000000A8  7777BBBB9999333377779999AAAAAAAACCCC1111555533339999
(cb621Uv~(: 0000000000000000000000000000005D  3333BBBB11110000FFFF9999BBBB6666CCCCCCCC66666666AAAA
(rpMtuW\**: 000000000000000000000000000001E9  444422226666AAAA4444DDDD222200005555666677771111EEEE
(tv1'>|,s[: 0000000000000000000000000000002F  0000CCCC222277778888FFFFCCCCBBBB111177779999DDDD0000
(zajx$Fonl: 000000000000000000000000000001DC  EEEE555566664444BBBB3333EEEEFFFFAAAA1111444455555555
)Z[3:LR#h\: 0000000000000000000000000000012A  5555FFFFBBBB3333CCCCCCCCDDDD4444CCCCDDDD4444DDDD7777
)Z|]i7%PK': 000000000000000000000000000001A5  7777777700001111222211111111222222229999222266662222
)\YM]6Z-W!: 0000000000000000000000000000016E  999999998888888866664444EEEE9999AAAA0000AAAACCCC3333
)o-QLHy(UO: 00000000000000000000000000000071  3333BBBB444400002222EEEEFFFF333355556666DDDD55556666
*%pAD!6FlS: 00000000000000000000000000000099  AAAA777799994444DDDDEEEE6666DDDD2222AAAA7777EEEEEEEE
*+o@+t%u&;: 00000000000000000000000000000068  22228888999922228888EEEE3333444455551111EEEE77779999
*i@lF30|aO: 0000000000000000000000000000001D  CCCC88880000FFFFCCCCDDDDBBBB4444EEEE99990000AAAAAAAA
*{?+6NKeL7: 0000000000000000000000000000012D  DDDD77772222FFFF5555111144445555BBBBDDDDFFFF1111AAAA
*}-Wz1;TD-: 00000000000000000000000000000005  AAAA88883333BBBB888888884444777722227777999900002222
+%jJzoRR.2: 00000000000000000000000000000191  222211119999EEEE77773333666600005555BBBB111133336666
+.nP;+ 7qH: 000000000000000000000000000001C9  2222BBBB9999AAAACCCCEEEEDDDD1111CCCCFFFFEEEE3333EEEE
+/Yg#6Nf/r: 000000000000000000000000000000E7  FFFFBBBB6666CCCC66669999FFFF66662222DDDD777799998888
+2A^xP5dA-: 0000000000000000000000000000003E  CCCCBBBBFFFFFFFF99995555AAAAAAAA77771111000033333333
+2d?r&BMDz: 000000000000000000000000000001C4  4444EEEE99995555EEEE888833336666888866664444CCCCDDDD
+Yz#w1"\.H: 00000000000000000000000000000171  55553333BBBB9999BBBB9999CCCC000066661111444455556666
,,!+?/ ^{!: 000000000000000000000000000001AE  EEEEFFFFBBBB111166669999DDDDFFFFDDDD1111777788883333
,09*X0fyJe: 0000000000000000000000000000017F  7777EEEE3333EEEE9999999999990000AAAABBBBEEEE88880000
,2K,DKXt@E: 00000000000000000000000000000013  8888CCCCBBBB000088882222AAAA7777FFFF5555DDDD0000CCCC
,EmHjmt?L4: 00000000000000000000000000000172  DDDDBBBB000011110000AAAA3333DDDD66663333FFFF2222FFFF
,qy-T(O~$}: 000000000000000000000000000000B1  44446666888800007777DDDDEEEEFFFF22223333777711116666
,uSW`H/pXh: 00000000000000000000000000000096  8888BBBB111188885555CCCC7777BBBB7777111166663333BBBB
,vWe=|b*sM: 00000000000000000000000000000044  DDDD333311116666BBBBFFFF8888DDDD2222555544444444DDDD
,~gQSG.0%6: 00000000000000000000000000000178  5555BBBB5555AAAA111199992222222266663333999922229999
-&8$lcXS$;: 0000000000000000000000000000004F  333300004444AAAA3333666600009999DDDDCCCC9999BBBB0000
-A[RcP]<~x: 00000000000000000000000000000144  DDDD44448888AAAA666633334444FFFF11115555FFFF4444DDDD
-F@/l1Bid2: 000000000000000000000000000001C1  DDDD88880000555577773333333311116666EEEEAAAA88886666
-WwU4BF*P<: 00000000000000000000000000000055  BBBB8888EEEEEEEE55553333AAAA4444EEEE6666888833332222
-]&pZ`P~NY: 00000000000000000000000000000158  3333555577774444333388888888EEEEEEEE8888DDDDCCCC9999
-^1~=aYZC1: 0000000000000000000000000000001F  11112222555599996666111144445555DDDDBBBB7777EEEE0000
-_) R'4T<": 0000000000000000000000000000003A  BBBBCCCCEEEECCCCDDDD6666BBBB333377779999222200007777
-cuJvy7;=h: 0000000000000000000000000000003F  99993333CCCC8888EEEEAAAAEEEE5555CCCC7777FFFFCCCC0000
."^}, M3$t: 0000000000000000000000000000007D  BBBBCCCC111188881111EEEEDDDDBBBBDDDD333399994444AAAA
.#P>EmKv6.: 000000000000000000000000000001A9  2222CCCC8888EEEE777733335555DDDDDDDD222255555555EEEE
.Cdl``4el]: 000000000000000000000000000000C1  55557777AAAA9999666677775555AAAABBBB0000333388886666
.TK[[l4'b|: 00000000000000000000000000000079  BBBB3333DDDD1111DDDD444466664444BBBB222277770000EEEE
.TYWj\hmoE: 000000000000000000000000000001C3  CCCCFFFFDDDDBBBBCCCCDDDD8888AAAAEEEEFFFF44445555CCCC
.[y_}+w<so: 000000000000000000000000000001CD  7777555533337777CCCC777744443333EEEE888855557777AAAA
.\KqT&Z4i4: 00000000000000000000000000000020  3333DDDDCCCC888888885555222299993333EEEEFFFF66661111
.l[`\H9-_2: 000000000000000000000000000000BB  0000333333332222999900003333DDDDEEEE2222DDDD66664444
/68;1R~sr5: 000000000000000000000000000000F9  55551111FFFF33330000AAAA2222CCCC44448888AAAA8888EEEE
/7nS,!a&u/: 000000000000000000000000000001C7  CCCC4444AAAA2222999999997777222288885555AAAABBBB8888
/e)%&bgl}E: 000000000000000000000000000000E9  AAAA6666333388887777DDDDCCCCFFFF1111EEEE00001111EEEE
/f+[yD*J}n: 000000000000000000000000000001F0  555555551111EEEE999966668888666666662222CCCC55551111
/j,"&((2G^: 00000000000000000000000000000193  8888AAAA444422220000BBBBEEEE6666FFFF555533338888CCCC
061P4w.KYc: 00000000000000000000000000000190  AAAA4444FFFF8888AAAA11116666CCCC66669999666633331111
0Jw^F-}sZr: 00000000000000000000000000000092  4444BBBBDDDD2222FFFF888811117777DDDD444444448888FFFF
0fssx}~[oB: 00000000000000000000000000000006  FFFF999977774444AAAA7777EEEEDDDDAAAAAAAA99998888BBBB
0qIlYEm$d4: 0000000000000000000000000000018A  2222444466669999AAAAFFFFFFFF22225555AAAA1111FFFF7777
0~ #@'o22w: 00000000000000000000000000000086  333344447777333377771111DDDDEEEE1111777733330000BBBB
1 e!og=!hi: 00000000000000000000000000000025  3333EEEE88887777CCCCEEEE777733337777DDDDFFFFEEEE2222
1-96p%eY$]: 0000000000000000000000000000019F  EEEE1111999944443333FFFF0000EEEE55553333666666660000
12NSK| 2K9: 00000000000000000000000000000080  777799993333CCCC444466664444000077773333DDDD88881111
1w@TZu-0IU: 00000000000000000000000000000075  555577772222DDDD9999DDDDEEEEAAAA8888BBBB777711112222
2&)F}r+ }_: 00000000000000000000000000000141  77778888FFFF2222CCCCCCCCBBBB8888CCCC7777777700006666
2,Sm(Lvc<&: 000000000000000000000000000000BE  999999995555777766665555EEEE9999BBBB88889999BBBB3333
287P2iA6U:: 0000000000000000000000000000009F  88880000FFFF000022220000BBBBCCCCFFFF3333777766660000
2=v!M>!\wV: 000000000000000000000000000000E0  2222EEEE00000000FFFFBBBB6666555566665555BBBBAAAA1111
2lq{J[Np9#: 000000000000000000000000000001A6  BBBB5555EEEE333355557777BBBB33333333CCCC00006666BBBB
2y A0q_0IZ: 00000000000000000000000000000101  3333AAAA555522223333CCCCFFFF444466669999DDDD44446666
3YO7dSIgb,: 000000000000000000000000000000BF  EEEEDDDDDDDD55554444FFFFEEEE000022223333FFFF44440000
3n glBr={a: 000000000000000000000000000000AC  EEEE99992222666644446666FFFF11112222FFFF777744445555
3pU8_.#1JU: 000000000000000000000000000000D2  0000777799995555FFFFDDDDFFFF5555FFFFCCCC55554444FFFF
4Y8,(.X0:": 000000000000000000000000000000A2  DDDD7777DDDD5555AAAAEEEE7777DDDD444499996666BBBBFFFF
5,vYEm^\di: 000000000000000000000000000000B4  1111EEEE3333EEEEBBBB8888111111111111777733331111DDDD
54g~GJmEq|: 00000000000000000000000000000129  99999999BBBB4444DDDD999955551111333366661111DDDDEEEE
5@l73vwUr5: 0000000000000000000000000000019C  0000FFFFFFFF1111888844443333EEEE1111FFFF999999995555
5HA\z%qt{%: 00000000000000000000000000000009  0000AAAA8888FFFF0000888800000000222255551111FFFFEEEE
5V&dT66&9#: 00000000000000000000000000000146  666633337777AAAA33337777DDDDBBBBEEEE000011114444BBBB
5Yh?d9@6(_: 0000000000000000000000000000009D  66667777FFFF333377774444FFFFDDDD99993333CCCC2222AAAA
6**Ts1L(n:  000000000000000000000000000000F0  8888666644449999EEEEBBBB88889999CCCC3333111155551111
6-sc'U=Ibc: 000000000000000000000000000000C0  8888BBBB888833331111EEEE666688882222AAAACCCC44441111
6fctvLgCo7: 00000000000000000000000000000085  AAAA3333FFFFCCCC0000BBBBFFFF999911117777444488882222
6n>iMbi=gw: 00000000000000000000000000000061  4444DDDDFFFF9999DDDD9999EEEEEEEECCCCDDDD4444EEEE6666
6uxeaoldr{: 000000000000000000000000000000AB  BBBB11110000CCCC8888222277779999AAAA4444000077774444
81[Hp@'quM: 0000000000000000000000000000016C  4444999922223333CCCCAAAABBBB33334444FFFF777788885555
89_ &UU^-f: 000000000000000000000000000000A5  BBBB5555AAAAAAAAAAAA4444FFFF6666DDDD1111BBBB66662222
8\ ^ZM!B~i: 00000000000000000000000000000113  66666666CCCC88883333EEEEBBBBBBBB3333AAAACCCC0000CCCC
8dVq[MuL#a: 0000000000000000000000000000013D  BBBBFFFF444400008888777799997777AAAABBBBAAAA8888AAAA
8fwBh0?(|@: 000000000000000000000000000001BB  CCCC00002222DDDD5555DDDD9999FFFFBBBB1111CCCC66664444
8mdOTG)j6O: 000000000000000000000000000000EA  BBBB7777AAAABBBB888855554444999966665555CCCC11117777
9RtsPa gIN: 00000000000000000000000000000021  555544440000AAAACCCC8888AAAA55552222DDDDBBBB22226666
9SC<z G(1O: 0000000000000000000000000000000D  BBBB111155553333DDDD11115555EEEEEEEEBBBBDDDD3333AAAA
9UH>%FZbUK: 0000000000000000000000000000001E  DDDD00005555EEEE111199998888CCCC888877779999DDDD3333
9v\o.bdF(|: 000000000000000000000000000000CB  AAAAFFFF88881111EEEEFFFF22221111AAAA9999EEEE55554444
:!W.=v,f"z: 00000000000000000000000000000058  444422223333666688886666BBBB4444888877772222CCCC9999
:=XWS2sImq: 000000000000000000000000000000D4  AAAACCCCBBBBAAAA0000EEEE4444CCCCEEEE555544447777DDDD
:PST>$kBiG: 00000000000000000000000000000090  3333DDDD000044445555444444441111CCCC1111BBBB33331111
:\yuoi9d}%: 000000000000000000000000000000FE  CCCC5555999988885555BBBB8888CCCC8888AAAA666677773333
:it]~^3:qr: 000000000000000000000000000001C6  1111AAAA000077774444111188889999DDDD4444AAAACCCCBBBB
:jEf)qeN-5: 000000000000000000000000000000EC  22220000DDDD5555EEEEFFFFBBBBEEEEAAAA6666222200005555
;BV 5Z#@OC: 000000000000000000000000000000CE  DDDDDDDD44444444EEEE666666662222666622222222EEEE3333
;GZzvyO3Gk: 00000000000000000000000000000184  000033338888AAAA9999EEEE444488884444444422220000DDDD
;u0nwOR{|e: 0000000000000000000000000000009A  CCCC5555FFFF1111000066667777EEEEEEEE1111777722227777
;|,)2g HZd: 0000000000000000000000000000017A  1111DDDD5555AAAA66663333EEEEEEEE7777BBBBDDDDCCCC7777
<!pSWFGu`4: 00000000000000000000000000000074  5555AAAA9999666611112222111100008888AAAA00005555DDDD
<.*bfB>O,a: 0000000000000000000000000000017B  222200000000AAAA7777999988888888777788880000AAAA4444
<[?r iKoGD: 000000000000000000000000000001D9  5555EEEE22223333BBBBCCCCEEEE22220000AAAA0000AAAAEEEE
<py/F]AYwH: 000000000000000000000000000000F1  5555BBBB66660000AAAA999955552222999944440000DDDD6666
<{d!@2(?,@: 000000000000000000000000000000FC  4444CCCC2222FFFFAAAA00007777FFFF88882222EEEEBBBB5555
=<}]=sdAR\: 000000000000000000000000000001ED  77771111DDDD7777444411113333FFFF8888FFFF00005555AAAA
>"|_NBZVP<: 000000000000000000000000000001AB  BBBB8888EEEECCCC7777BBBBAAAA22226666EEEEFFFF77774444
>Y$Kc)9DOf: 00000000000000000000000000000019  AAAAEEEEEEEE222266660000AAAA00000000000044446666EEEE
>zr'gwrRlu: 00000000000000000000000000000108  1111CCCCEEEE77778888333333335555DDDD5555FFFF55559999
?&Uy=`8HJr: 00000000000000000000000000000163  4444AAAADDDD111199992222CCCC33332222DDDD6666BBBBCCCC
?.nh_JueYG: 000000000000000000000000000001C2  BBBBCCCCAAAAFFFFDDDD00007777777722221111AAAA1111FFFF
?:Yp4%.K9n: 0000000000000000000000000000006D  BBBBCCCC5555111100007777FFFFAAAAFFFF0000DDDDDDDDAAAA
?^N#NX(ZBm: 00000000000000000000000000000106  2222DDDDBBBB1111444433335555222255553333CCCC8888BBBB
?i08"^WJ2u: 000000000000000000000000000001AD  22228888DDDDEEEE666688884444DDDDBBBBAAAAAAAA9999AAAA
?jh!g'(/dI: 000000000000000000000000000000B0  99994444FFFFBBBBFFFF777711113333EEEEDDDD222299991111
?o*^ml$:M?: 000000000000000000000000000000C5  99992222EEEE66662222EEEEEEEE5555AAAA5555222244442222
@80Q(CcCKX: 000000000000000000000000000001D3  77776666FFFF6666CCCC6666555577775555888877774444CCCC
@H2Vc0l0h[: 0000000000000000000000000000019D  CCCCEEEEEEEE2222FFFFFFFFFFFF99999999999933332222AAAA
@gU`)^H:z5: 000000000000000000000000000000E3  AAAA33331111FFFF888822225555CCCC33338888FFFF3333CCCC
@nv+q?AsX\: 000000000000000000000000000000BA  CCCCCCCC00008888BBBB9999444433335555EEEE333388887777
A")wSrcPzS: 00000000000000000000000000000125  33334444CCCC6666AAAA77778888BBBBBBBB55556666EEEE2222
AHGnS/"2wR: 000000000000000000000000000000B7  BBBB0000999999996666AAAA77773333DDDD55553333CCCC8888
AOR(%\p0-s: 000000000000000000000000000001DD  CCCC2222FFFF0000999966667777CCCCDDDD44448888EEEEAAAA
AsfAGHM5om: 00000000000000000000000000000000  0000222200002222000022220000222200002222000000001111
B'kWP*o!!l: 00000000000000000000000000000139  666611115555CCCC1111CCCCDDDD8888CCCC9999CCCC4444EEEE
B1}~i4!2Jz: 0000000000000000000000000000019B  EEEEAAAAAAAACCCC7777CCCC11118888CCCC4444666688884444
B]az'~,CNd: 00000000000000000000000000000012  66661111777733333333CCCC999933332222000033330000FFFF
Bj`e'4&VbD: 000000000000000000000000000000A0  DDDD888811110000BBBB2222EEEEBBBB00004444CCCCEEEE1111
C2@|1v%'~Z: 0000000000000000000000000000012E  5555BBBB2222AAAADDDDDDDD3333FFFFEEEE3333EEEE00003333
CMj4|3L_yM: 000000000000000000000000000001D8  88881111EEEE1111AAAADDDD4444111111111111BBBB44449999
CU7l~""#g6: 00000000000000000000000000000043  2222999966664444666611119999FFFF1111DDDDDDDDDDDDCCCC
CX#R~yQg1k: 000000000000000000000000000000F5  AAAABBBB55551111222222222222222299999999222299992222
ClYJ!%h &8: 0000000000000000000000000000011D  FFFF7777DDDD666677778888CCCC9999CCCCEEEE7777AAAAAAAA
C~$7_~K2N[: 0000000000000000000000000000008C  5555FFFFBBBBDDDD11113333DDDDAAAA6666BBBB9999EEEE5555
D/XZpkvB{U: 000000000000000000000000000000AA  8888BBBB77776666EEEEEEEE00007777BBBB2222333355557777
D@v9""8"!`: 00000000000000000000000000000038  2222BBBB55552222CCCC555533336666EEEE9999777766669999
D_FbWq*k%G: 000000000000000000000000000000F3  CCCC22228888EEEE0000777722224444EEEEEEEEAAAA2222CCCC
D_W\;; N_G: 0000000000000000000000000000016B  5555444488880000000077779999FFFFFFFF66663333BBBB4444
De9lt=P!{.: 000000000000000000000000000000DB  DDDD2222BBBB33335555888866663333EEEE9999333344444444
DiROl3qkbk: 0000000000000000000000000000016A  777744440000DDDD44449999BBBB5555EEEE8888DDDD99997777
Dt}uBN!p=P: 00000000000000000000000000000189  AAAA8888BBBB5555FFFFFFFF77770000DDDDDDDDCCCC7777EEEE
E%Mvtq;T-5: 0000000000000000000000000000013B  FFFF555577773333BBBBBBBB6666DDDDCCCC22224444EEEE4444
E(g$5-WpBC: 00000000000000000000000000000048  BBBB7777EEEE4444888866661111FFFF44449999BBBB11119999
E-&+=S*kds: 000000000000000000000000000001D4  888833338888333366666666DDDD666600009999FFFF7777DDDD
E1n|]_71AL: 0000000000000000000000000000014B  88886666DDDD666600003333777777778888BBBB5555DDDD4444
EL&1vuAOe*: 000000000000000000000000000001D7  777700005555FFFF1111CCCC55557777EEEECCCC6666AAAA8888
EvtL^`J~@h: 00000000000000000000000000000041  CCCCEEEE666677776666AAAA3333777722229999000000006666
F.UF6IpyiV: 00000000000000000000000000000155  999999995555888822229999FFFF1111CCCC9999FFFF33332222
F.|TW}_rj3: 000000000000000000000000000000B6  44443333CCCC444477772222000066661111333388889999BBBB
FBg!zZ.I|G: 0000000000000000000000000000008B  888800006666EEEE7777777766667777FFFFFFFF222299994444
FaP=Vt0 t(: 000000000000000000000000000001CA  BBBB9999EEEEDDDD111100000000AAAA88883333AAAABBBB7777
FcsE~N-KYQ: 00000000000000000000000000000170  88883333AAAA5555AAAA3333FFFF55556666AAAAEEEEDDDD1111
FizN%%[{$%: 00000000000000000000000000000147  5555444466668888888833336666555588888888BBBB33338888
FktHsdnw0|: 0000000000000000000000000000007A  4444DDDDFFFF2222DDDD1111BBBB111111111111AAAACCCC7777
Fqy~]OATYw: 00000000000000000000000000000022  9999CCCC0000888888884444333355553333BBBB55553333FFFF
G!VnI4$b.~: 00000000000000000000000000000123  DDDD22220000FFFF2222BBBBEEEE6666BBBB11112222FFFFCCCC
G2oMVHVK`!: 0000000000000000000000000000002E  4444888844448888CCCC1111AAAA555577778888BBBB00003333
G8NRs`}Vk1: 0000000000000000000000000000011F  888855552222444499996666BBBB55551111BBBB6666EEEE0000
GCU4gfl|&!: 00000000000000000000000000000036  1111DDDD8888AAAA999999990000333377778888FFFF1111BBBB
GLSnlm0*P*: 0000000000000000000000000000000B  5555EEEE1111BBBB55555555AAAABBBB33335555BBBB11114444
GM/!_(sANb: 000000000000000000000000000001E7  5555BBBB0000BBBB88883333FFFF22229999FFFF666699998888
GO!.8iB8rQ: 00000000000000000000000000000164  111166669999BBBB3333CCCC5555FFFFCCCCAAAA8888AAAADDDD
HP5;m7ydP,: 000000000000000000000000000000A7  DDDDDDDDEEEE222255559999DDDDEEEE7777AAAAFFFFDDDD8888
HXg#Z^7@7/: 0000000000000000000000000000004E  777799999999DDDD44441111BBBB6666AAAA0000999966663333
H\3]fMMx9:: 00000000000000000000000000000132  9999BBBBFFFF88888888888833337777BBBB9999EEEE6666FFFF
Ht!e4%fx0/: 00000000000000000000000000000185  77770000666600000000888844449999AAAA6666BBBB88882222
HvuxN}WVIC: 000000000000000000000000000001AF  EEEEEEEECCCC7777FFFF00003333555533335555888855550000
HziV0it7t-: 00000000000000000000000000000081  6666444466668888AAAA2222CCCCFFFF9999AAAA9999CCCC6666
I"YY]z\Yux: 000000000000000000000000000000F8  8888BBBB22227777CCCC77771111BBBBBBBB6666BBBBAAAA9999
I>:9JQb_5T: 0000000000000000000000000000006A  AAAA66662222CCCCBBBB666600003333BBBB2222AAAA99997777
I@L*`HMPfN: 00000000000000000000000000000073  DDDD666699993333999977779999DDDD444488882222AAAACCCC
ITW.3T/"w*: 0000000000000000000000000000011C  EEEE5555BBBB22229999FFFFAAAA7777DDDD8888444411115555
IW,e"{Tnvp: 000000000000000000000000000000D3  99995555777755556666AAAA88887777EEEE333388884444CCCC
IW1p2t&Y@0: 00000000000000000000000000000157  33330000999999993333DDDDFFFF66664444DDDD777722228888
I[D(T@35`j: 000000000000000000000000000001A4  AAAAAAAA44446666999955559999EEEE00002222BBBB6666DDDD
IjYZ+5}$cH: 000000000000000000000000000000A6  EEEE555577779999666611110000FFFF0000AAAADDDD6666BBBB
Iw&)MuUaM,: 000000000000000000000000000000E5  5555FFFF00009999888811119999111111111111999922222222
J(?c]e<GGH: 00000000000000000000000000000150  BBBBEEEECCCCAAAA5555DDDD99990000CCCC1111777777771111
J-whS1j[2d: 0000000000000000000000000000013A  11115555AAAA7777AAAAAAAA5555666611113333555500007777
J;#YJ7F/al: 000000000000000000000000000000C3  999944444444888822222222CCCC2222FFFFEEEE55555555CCCC
JPrAKc{W>j: 0000000000000000000000000000001C  222211111111333355554444DDDDEEEE33339999999911115555
JS6{5#>!+E: 00000000000000000000000000000187  3333BBBBBBBBDDDDAAAA4444EEEE7777222255552222FFFF8888
JU9s03v&}o: 00000000000000000000000000000037  7777555500001111DDDD3333111122221111AAAA444444448888
Jp 5+)A'Or: 000000000000000000000000000001C8  CCCC55550000FFFF777733337777CCCCDDDD6666333399999999
K &>Q-ma5o: 00000000000000000000000000000047  88885555CCCC88889999888811110000BBBBEEEECCCC33338888
K%eXZx$~w": 000000000000000000000000000001D5  6666EEEEFFFFCCCC88882222FFFF000099993333AAAABBBB2222
K@oA#z+,eu: 00000000000000000000000000000154  444499992222EEEE4444DDDDEEEE99994444FFFF9999FFFFDDDD
KX^s"yj/Qq: 000000000000000000000000000001EA  FFFF0000DDDD6666FFFFBBBBAAAA99993333BBBBFFFF11117777
Ki|$-MES3i: 0000000000000000000000000000007B  BBBB9999FFFF44449999CCCCBBBB0000BBBB99991111AAAA4444
KrNW.!5MP;: 0000000000000000000000000000006F  2222AAAAEEEE33330000777711111111FFFF2222999999990000
K{#1[}!!++: 000000000000000000000000000001A1  000099995555555588881111FFFF4444888877775555AAAA6666
K~%q4]YD$/: 0000000000000000000000000000000F  1111BBBB1111BBBBAAAAFFFFAAAA6666222233339999FFFF0000
L@LY%Uk7no: 00000000000000000000000000000126  DDDD666677775555EEEE4444AAAA33333333BBBB6666EEEEBBBB
LF#My}vGo5: 000000000000000000000000000001BE  AAAA99994444EEEEEEEE666611111111BBBB7777CCCCBBBB3333
Lf`&#hW2F?: 000000000000000000000000000001BD  CCCC999933338888FFFF1111333333335555AAAA66660000AAAA
Lg9nPAE.4a: 000000000000000000000000000000D0  555555557777EEEEAAAAAAAA666677776666DDDD9999FFFF1111
M&sHC Uv^^: 000000000000000000000000000000CC  FFFF33337777777799994444CCCC6666111188884444AAAA5555
M3Bn!0ePh9: 000000000000000000000000000000AD  666611114444999933332222FFFFDDDD5555111133339999AAAA
MQpeNPV@23: 0000000000000000000000000000018B  EEEE333388882222666688888888BBBBCCCC2222111199994444
N(JuG%.`7c: 00000000000000000000000000000032  66665555AAAA5555BBBBAAAAEEEE111111119999BBBB6666FFFF
N,gk>37c (: 00000000000000000000000000000026  DDDD11116666DDDD5555EEEE99996666AAAAAAAA3333EEEEBBBB
NAE|+`8.x-: 000000000000000000000000000001B7  999911117777BBBBEEEE1111AAAA88887777BBBB2222CCCC8888
Nil.84-p5": 00000000000000000000000000000151  FFFF55556666BBBBBBBB1111BBBBFFFF55550000777777776666
Nyp X=m$h9: 000000000000000000000000000000D8  0000EEEE444433333333BBBB8888000011110000000044449999
O?(|_dXq<B: 0000000000000000000000000000005A  44446666444411119999BBBB333388886666EEEEEEEE66667777
OLf_u|1d}9: 00000000000000000000000000000093  DDDD1111AAAA9999FFFFDDDD9999BBBB9999000044448888CCCC
O^|X+z`Fr.: 000000000000000000000000000000BD  00009999FFFF8888AAAA5555111177778888CCCCFFFF0000AAAA
OffB8(#k@N: 00000000000000000000000000000039  CCCC555555556666DDDDCCCC111111119999DDDD55554444EEEE
Oiv~amz>&1: 00000000000000000000000000000111  DDDD444488880000777700004444BBBBEEEE9999DDDDBBBB6666
P-6Ybw3=a|: 00000000000000000000000000000051  2222FFFFDDDDAAAACCCC3333EEEEBBBB8888EEEE000077776666
P<(!Yp^T<&: 000000000000000000000000000000EE  666611112222777711110000999966669999BBBB111144443333
P?:WEAH@*F: 000000000000000000000000000001EB  11113333BBBBEEEEEEEEFFFF2222EEEE6666BBBBBBBB33334444
PE3:o4[#x;: 00000000000000000000000000000145  6666DDDD3333666699991111BBBB1111EEEECCCCDDDDCCCC2222
PMax#tmx0y: 0000000000000000000000000000015C  EEEECCCC0000AAAA222222228888AAAA33331111EEEEDDDD5555
Q)JN)R9z-L: 00000000000000000000000000000003  FFFF111100000000000066668888BBBB33333333AAAA1111CCCC
Q+)(]=p2?M: 000000000000000000000000000001A2  99998888CCCC9999888800009999FFFFDDDD55559999BBBBFFFF
QBdP3VE%"5: 0000000000000000000000000000013E  EEEE22226666BBBB5555222299996666DDDD0000333333333333
QPgi5:JkXo: 0000000000000000000000000000019E  FFFF99995555DDDDDDDDFFFF3333666677772222666655553333
Q[7 0VqTg~: 000000000000000000000000000000A1  8888666622222222222222221111DDDD11110000EEEEAAAA6666
Qf|gXHS2|S: 00000000000000000000000000000135  AAAACCCC77774444BBBB000055553333BBBB6666000055552222
R%]??oXCf(: 000000000000000000000000000000AF  CCCCFFFF00004444222299997777CCCC11111111999955550000
R+Sh=Kgd.6: 00000000000000000000000000000029  DDDD0000BBBB77770000222200009999AAAADDDDAAAADDDDEEEE
RE%Z{o)9E:: 00000000000000000000000000000030  00002222AAAAEEEE444400008888CCCC3333DDDD555511111111
RZ tvDPaX5: 000000000000000000000000000000C2  EEEEDDDD55558888FFFF3333555566662222DDDD77771111FFFF
Rv]QHo9f6+: 00000000000000000000000000000024  99996666BBBB7777444466660000AAAADDDDDDDDAAAAEEEEDDDD
S-zau\y%fL: 00000000000000000000000000000156  FFFF44440000777711116666DDDDAAAA9999111144447777BBBB
SD ,=Yy%.w: 000000000000000000000000000000E8  666644446666DDDDDDDD44446666111100004444BBBBFFFF9999
SXg2>BW=r2: 0000000000000000000000000000015B  888811111111DDDDBBBBCCCC666677774444CCCCAAAACCCC4444
T+P#[S@vKl: 000000000000000000000000000000ED  7777FFFF7777666688887777777777779999555599995555AAAA
TDH$PmGv-k: 0000000000000000000000000000012F  FFFFFFFFFFFFFFFF9999DDDDAAAAAAAA1111BBBB8888DDDD0000
TZTQ<hjB=3: 000000000000000000000000000001D1  6666EEEEEEEE2222CCCCFFFF4444BBBB00009999AAAAFFFF6666
Te (9@R>:X: 0000000000000000000000000000005C  2222FFFFBBBB55552222444433332222444433333333DDDD5555
Txj!)DGb22: 000000000000000000000000000001AC  7777AAAA3333EEEE666699993333222288882222222244445555
TzbiXJIs*>: 000000000000000000000000000001A3  8888DDDDEEEEFFFF11116666AAAADDDDAAAADDDDAAAA7777CCCC
T}# `9Cseu: 0000000000000000000000000000002D  4444FFFF777700001111EEEE999944447777444488881111AAAA
U;azR 1t<y: 000000000000000000000000000000DD  FFFFEEEE555555556666EEEE666655553333FFFF1111EEEEAAAA
U>dv@>58Cq: 00000000000000000000000000000152  666677778888666688885555AAAA5555EEEE88886666CCCCFFFF
V*W% x\&'q: 00000000000000000000000000000091  8888DDDDBBBBAAAABBBB99997777EEEE00008888AAAA33336666
VR9Zt1c9"@: 000000000000000000000000000000F2  1111999966660000CCCC8888DDDD111144443333DDDDAAAAFFFF
VT}8)rPY\S: 00000000000000000000000000000118  CCCC0000EEEE1111EEEEDDDD8888999911112222777700009999
V[]vwZ9Vyl: 0000000000000000000000000000010A  111144442222999977777777EEEEDDDD22223333000077777777
Vh%|Ki^e,}: 00000000000000000000000000000076  7777DDDD9999FFFFDDDD55553333DDDDCCCCCCCC3333DDDDBBBB
W-qOhMjDFd: 000000000000000000000000000000D6  0000222266660000BBBB55551111777733332222AAAAFFFFBBBB
W2+$7+\E5}: 000000000000000000000000000001E6  EEEE0000666666666666999900007777AAAAAAAA55552222BBBB
W;mKiM[qVV: 0000000000000000000000000000009E  111133334444AAAA55556666CCCCFFFF5555BBBB333355553333
WBzul,K**:  0000000000000000000000000000004B  4444AAAADDDDEEEE33337777AAAA9999DDDD88886666DDDD4444
WJ$4h%Yb5d: 0000000000000000000000000000015A  5555CCCCDDDDEEEECCCCFFFF2222222277771111111166667777
WM^;rvO/u]: 00000000000000000000000000000054  BBBB00007777999977772222AAAA0000CCCCAAAAEEEEFFFFDDDD
WQ/8G[pmZ>: 00000000000000000000000000000186  11110000EEEE4444BBBBAAAAAAAAAAAA6666000066660000BBBB
Wj-%?e*2y\: 00000000000000000000000000000023  AAAA444477776666FFFF444455550000EEEE88883333FFFFCCCC
WjzFS>V#B*: 00000000000000000000000000000107  6666CCCCDDDD33336666CCCCFFFF1111BBBB0000333377778888
X*)4\|>`b.: 0000000000000000000000000000009B  EEEE33339999CCCC2222999999999999FFFFDDDD777788884444
XG(8.GC,t\: 000000000000000000000000000000DC  7777CCCCEEEE7777222200006666BBBB11112222999955555555
XKGfEve]Uh: 000000000000000000000000000001D6  BBBB555500009999EEEEFFFFFFFFDDDDBBBBFFFFDDDDFFFFBBBB
XPDG?y![4a: 00000000000000000000000000000195  FFFFDDDD6666EEEE5555DDDDDDDD22227777CCCCCCCCFFFF2222
X\!l_<jnW|: 000000000000000000000000000000F7  6666888844444444CCCCFFFF33338888DDDD8888BBBB88888888
Y$wGNnkB;v: 000000000000000000000000000001B3  8888111177775555BBBBFFFF5555CCCC0000666655556666CCCC
YUT7rmT@B>: 0000000000000000000000000000014D  FFFF99996666BBBB0000999933339999000077779999FFFFAAAA
YhlPk`q6SN: 0000000000000000000000000000004A  00001111AAAABBBBAAAA66669999DDDD11116666666633337777
Yp=]xM<Iwm: 000000000000000000000000000000EB  9999222222221111777711114444777799990000CCCC33334444
Z"z}&%mD}G: 00000000000000000000000000000166  44443333FFFF888811110000DDDD5555CCCC1111BBBBAAAABBBB
ZQE;/jNCP$: 000000000000000000000000000001AA  7777333355555555BBBB4444FFFF8888BBBB8888666655557777
ZR4s?hX)zP: 0000000000000000000000000000018C  DDDD222222227777DDDD777711110000999966664444EEEE5555
ZXu\NI_os[: 00000000000000000000000000000181  666633331111DDDDEEEE3333CCCC3333CCCC99990000CCCC6666
ZmjxC%xaRZ: 00000000000000000000000000000088  DDDDDDDDCCCC88884444EEEE8888EEEE4444FFFF1111DDDD9999
Zo;eL:?;t<: 000000000000000000000000000001DA  66666666EEEE1111666622225555FFFFAAAAAAAA2222EEEE7777
[ \,5-\.tI: 0000000000000000000000000000018E  2222444444445555EEEEAAAA0000EEEE6666AAAA999922223333
[!Nbx&X=+V: 0000000000000000000000000000003C  77778888AAAA7777888844446666EEEECCCCBBBBEEEE77775555
[IE'5I">8X: 00000000000000000000000000000142  7777EEEECCCCFFFFFFFF8888AAAA22223333FFFF88889999FFFF
[QZ{a&TaCS: 0000000000000000000000000000006C  AAAA8888CCCC2222FFFFAAAA5555CCCC4444CCCCCCCC88885555
[Wo#GB.ykU: 0000000000000000000000000000008F  2222DDDD9999CCCC88883333DDDD2222DDDD9999999977770000
[ZIOF+soLm: 0000000000000000000000000000011A  8888111166664444EEEE222266667777EEEE22228888AAAA7777
[~`:_Qt{i5: 00000000000000000000000000000103  8888888844448888333300004444AAAAFFFF444499991111CCCC
\1]of=Ah$q: 000000000000000000000000000000B3  EEEEAAAACCCCCCCC77779999AAAACCCC9999999966666666CCCC
\;Qv_-#g7S: 000000000000000000000000000001B0  BBBB88885555111122222222CCCC33333333CCCCDDDD99991111
\E=uj=nA:.: 00000000000000000000000000000042  22222222222244440000CCCC33332222EEEEBBBB55559999FFFF
\I<0t9;k-m: 00000000000000000000000000000177  AAAA8888CCCC222211115555DDDD77772222BBBBBBBB00008888
\gWC3[FfM-: 0000000000000000000000000000007C  3333BBBB4444DDDDDDDDEEEE2222EEEE1111FFFF999933335555
\prX!0M|;N: 0000000000000000000000000000016D  6666BBBB5555EEEE4444000044443333CCCCAAAA4444DDDDAAAA
\rJq"tbU?-: 00000000000000000000000000000159  DDDD4444CCCC9999666611117777DDDD77777777DDDD2222EEEE
]V9hCoq$kr: 00000000000000000000000000000078  EEEE777722229999CCCCBBBB3333000055559999EEEE22229999
^,+`y+(Ev<: 00000000000000000000000000000131  3333DDDDEEEEFFFFFFFF111133339999AAAA8888AAAA99996666
^4&:)"mZtP: 000000000000000000000000000001CC  66662222DDDD66668888CCCC3333EEEE99992222FFFFAAAA5555
^:W0]D07,s: 000000000000000000000000000000AE  99995555EEEEEEEE33330000AAAA1111CCCC6666444488883333
^SpqwoVET;: 00000000000000000000000000000050  BBBB77775555CCCC1111DDDD2222BBBB66669999CCCC77771111
^]l=+_8[]%: 00000000000000000000000000000182  BBBBCCCC44446666EEEEEEEE777755559999666699995555FFFF
^gT;Uh{&}q: 000000000000000000000000000000B8  4444CCCC8888777788881111DDDD88889999EEEE4444EEEE9999
^qaslc^dJX: 000000000000000000000000000000E2  444411118888AAAA7777CCCC000011119999EEEE77777777FFFF
_!f5y@y>IW: 0000000000000000000000000000019A  4444EEEEAAAA55550000FFFF1111BBBBBBBB3333AAAA22227777
_#Qf0efZuu: 0000000000000000000000000000010C  DDDDFFFF333377779999BBBB8888000055558888FFFF66665555
_0M6{?o7jh: 000000000000000000000000000000C7  6666DDDD99998888DDDDDDDD8888FFFF9999BBBBBBBBBBBB8888
_4;&uu]HG%: 000000000000000000000000000000C8  DDDDBBBB00005555444477774444777722228888888899999999
_XPP)b$\D\: 00000000000000000000000000000176  DDDD2222EEEE9999EEEEFFFFAAAAAAAAAAAA11116666DDDDBBBB
_cF+-{K=z": 00000000000000000000000000000105  2222AAAAFFFF3333AAAA33330000444499997777000000002222
_jo5Eq&:2x: 00000000000000000000000000000100  FFFF00003333FFFFAAAA9999DDDD000033335555BBBB00001111
_t=^Gjg8~T: 000000000000000000000000000001E1  0000DDDDBBBBEEEE6666BBBB3333DDDDFFFFEEEEFFFF66666666
_{,<bY7-:,: 0000000000000000000000000000011E  1111888833337777AAAAFFFFEEEE7777FFFFEEEECCCCDDDD3333
`27}+u%$Z': 000000000000000000000000000000A9  22228888EEEE555511117777DDDD555522229999EEEE5555EEEE
`:P/!%K1;w: 000000000000000000000000000000FA  1111DDDDCCCCCCCC99997777777766665555EEEECCCC44447777
`E$,xR{?Kc: 00000000000000000000000000000033  7777AAAA222200008888CCCC3333AAAAFFFFAAAAEEEEEEEECCCC
`PkXQ<&+cc: 0000000000000000000000000000000A  66667777FFFFFFFF2222FFFF3333FFFF22224444DDDD77777777
`WVkW&( /[: 0000000000000000000000000000004D  FFFF999922221111DDDD9999AAAA9999FFFF66662222FFFFAAAA
a0PVAELN}b: 00000000000000000000000000000192  7777222222220000CCCCEEEE8888FFFFAAAACCCC77778888FFFF
a3-@oi:P;a: 000000000000000000000000000000EF  9999777788882222111111118888555577774444999911110000
a8e3a*V.k+: 0000000000000000000000000000010E  9999CCCC8888DDDD9999AAAA22227777FFFF0000FFFFAAAA3333
aGam)y ~t-: 000000000000000000000000000000E6  EEEE22228888BBBB999977774444FFFFAAAA999922222222BBBB
aR=(`d^N%I: 0000000000000000000000000000017C  66662222AAAACCCCEEEEDDDD0000FFFF33336666444433335555
a`:;ydJv)Y: 00000000000000000000000000000052  55554444AAAAAAAA6666DDDD7777AAAAEEEE00003333CCCCFFFF
af"*t*HM(W: 000000000000000000000000000001E4  8888DDDD9999999977775555222277774444EEEEEEEE2222DDDD
al;:OEKSH2: 00000000000000000000000000000072  DDDDEEEE3333DDDDBBBB7777BBBB1111FFFF3333CCCC2222FFFF
anEciVjNdL: 00000000000000000000000000000194  AAAA555500003333CCCCFFFF5555FFFFAAAA2222CCCCBBBBDDDD
b"zsgBw$;N: 00000000000000000000000000000165  FFFFAAAA666688883333222244442222BBBBDDDD4444AAAA2222
bIVZ,>DWa1: 00000000000000000000000000000161  1111DDDDEEEE6666777777771111BBBBBBBB3333BBBBEEEE6666
bl8p62|E]g: 000000000000000000000000000000C9  99995555FFFFAAAA9999777733332222DDDDFFFF77773333EEEE
c;f4muPExD: 000000000000000000000000000000C6  66665555AAAAAAAADDDDBBBB44441111BBBBBBBB7777CCCCBBBB
c{uxHg!z\x: 0000000000000000000000000000017D  8888666633338888DDDD1111999944441111111100004444AAAA
d!i\*T5FOc: 000000000000000000000000000001B2  55553333AAAA8888EEEE66666666EEEE44441111FFFFEEEEFFFF
d-q}SEQY,L: 000000000000000000000000000000FD  111155559999AAAA88886666666622222222AAAA4444CCCCAAAA
dO]G~-YGFJ: 00000000000000000000000000000053  8888555533333333EEEE11113333AAAA444411110000CCCCCCCC
e3.csX:$,5: 000000000000000000000000000001F3  444411110000888899999999DDDD00006666BBBB99992222CCCC
eSzU!X,[%/: 0000000000000000000000000000006B  AAAACCCC9999FFFFFFFFAAAA444455553333BBBB4444BBBB4444
eq9Mzr~'|Q: 00000000000000000000000000000084  2222CCCC00004444777733336666AAAA0000333377770000DDDD
exJ@KRP41I: 0000000000000000000000000000010B  7777DDDD9999EEEE7777DDDD11112222DDDD8888AAAA11114444
e~`ZfgA4H;: 00000000000000000000000000000104  66664444AAAAFFFF777777779999EEEEFFFFBBBBCCCC8888DDDD
f5~6L@Fu.D: 00000000000000000000000000000089  BBBB99990000222299996666666622227777DDDD55557777EEEE
f@_F@ wBt4: 0000000000000000000000000000008A  44441111000000002222555522226666BBBBBBBBEEEEFFFF7777
fPWdNAODNL: 0000000000000000000000000000015E  4444BBBBAAAA2222BBBB8888AAAA22227777EEEE999999993333
foTTLF4Dbz: 00000000000000000000000000000109  8888FFFFAAAA44445555FFFF3333DDDD666655558888FFFFEEEE
f~'=m}+}:": 0000000000000000000000000000008D  7777DDDD777788889999555522222222EEEE44448888BBBBAAAA
g#DdPKm{DD: 000000000000000000000000000001C0  666633337777FFFF2222FFFFCCCC22224444EEEE777744441111
g.FN&efgUs: 000000000000000000000000000000D9  7777444488885555FFFF3333FFFFDDDD777755559999AAAAEEEE
g:~t>IWL!*: 00000000000000000000000000000167  9999DDDDFFFF222200007777DDDDCCCCDDDDEEEE777711118888
gj<m5S6*d2: 00000000000000000000000000000010  7777EEEEEEEE222222223333BBBB888866665555DDDDBBBB1111
g|_9{>^rO]: 00000000000000000000000000000175  999900009999DDDD11115555BBBB888833336666EEEE11112222
g~]6jo( dQ: 000000000000000000000000000000B2  DDDD888822224444EEEE88887777EEEE00001111CCCCEEEEFFFF
hFU^c5U!$t: 0000000000000000000000000000015D  88882222777733338888BBBB0000777744441111DDDD6666AAAA
hS,/N}9aj[: 000000000000000000000000000001E2  BBBBEEEE000022222222EEEEAAAACCCCFFFFAAAAAAAA7777FFFF
hg5x s23L3: 0000000000000000000000000000005E  22221111AAAA000011117777DDDD999933337777666699993333
h{ydAPb=7Y: 00000000000000000000000000000077  BBBB888888881111AAAAFFFF6666555599995555CCCC00008888
im\#W|%+>h: 00000000000000000000000000000128  3333FFFF333322225555BBBB444433331111CCCC2222BBBB9999
ix^T<SN f8: 00000000000000000000000000000040  77771111AAAA333300000000EEEEDDDD11110000EEEECCCC1111
j*0`gczW{u: 00000000000000000000000000000028  9999DDDDCCCC8888AAAA999911111111BBBB66667777BBBB9999
j17a3a#bH?: 00000000000000000000000000000070  8888CCCCBBBBCCCC88881111EEEE33336666BBBB3333DDDD1111
jGdC5%yw;#: 00000000000000000000000000000095  44449999FFFF00004444222222228888000099995555FFFF2222
jS.vJgSE`H: 00000000000000000000000000000143  99999999AAAAEEEEFFFFCCCCCCCC6666EEEEEEEECCCCDDDDCCCC
j\Fi0G()v8: 0000000000000000000000000000014E  00002222AAAA11110000333344447777FFFF3333CCCC66663333
jzu$Fn3ZN+: 00000000000000000000000000000034  55552222EEEE5555BBBBAAAA8888AAAA11110000DDDD9999DDDD
k VC?n@0XH: 0000000000000000000000000000007E  3333FFFF2222DDDDFFFFAAAA666622225555AAAACCCCFFFF3333
kXrG^ech1/: 00000000000000000000000000000015  FFFF2222AAAA66660000AAAA9999333322227777AAAA77772222
kwr IB=^X}: 000000000000000000000000000001B4  7777DDDD00008888FFFF22224444888811113333EEEE1111DDDD
k|M.elQfR;: 00000000000000000000000000000045  AAAA1111EEEE5555FFFF4444EEEE2222EEEEDDDD6666CCCC2222
lWR\@f0w.p: 00000000000000000000000000000087  AAAAAAAA4444111199995555444433334444BBBB3333FFFF8888
lpsxJ#|RVB: 000000000000000000000000000001F1  555500003333FFFF111111111111CCCCBBBBEEEE7777DDDD6666
m#vBiVn""3: 00000000000000000000000000000134  4444DDDDDDDD55557777EEEE333300006666DDDD88889999DDDD
m8U~RywqR(: 00000000000000000000000000000199  DDDD5555BBBB00007777AAAAAAAA55552222EEEEEEEEEEEEEEEE
m<$A./_OF): 00000000000000000000000000000120  2222BBBB00003333DDDD6666DDDD66661111AAAAAAAA66661111
mAz"v,)|HS: 00000000000000000000000000000169  444455550000888888881111FFFF77777777222233339999EEEE
maU!Uo]He&: 0000000000000000000000000000002B  AAAA9999BBBB55557777CCCC6666EEEE555566668888FFFF4444
my+=5r7(N|: 00000000000000000000000000000008  22226666CCCC66662222FFFF0000EEEE11118888444455559999
mz4VCN@a#": 00000000000000000000000000000007  DDDDBBBB1111FFFF2222DDDDFFFFBBBBFFFF6666444477778888
n],.INMkcA: 00000000000000000000000000000097  DDDD77777777DDDD99993333FFFFDDDD9999CCCCFFFFEEEE8888
o%,!fSdRBa: 00000000000000000000000000000067  11119999DDDDAAAA8888AAAA5555EEEE8888CCCC888811118888
o/ fQ7gjqa: 000000000000000000000000000001EE  EEEE6666CCCC6666AAAA22226666EEEE77776666444444443333
o/E#65QvaA: 000000000000000000000000000001A7  66669999999977779999DDDDAAAA3333DDDDCCCCEEEEDDDD8888
o4FoBkqERn: 00000000000000000000000000000004  7777AAAABBBBBBBB22224444444499995555BBBB11118888DDDD
o7~drsiz'L: 0000000000000000000000000000000E  BBBBBBBBFFFF111188884444333388886666DDDDCCCCAAAA3333
o8Gcpop:!:  000000000000000000000000000000D5  AAAAFFFFDDDD11115555000077778888999900003333BBBB2222
oRU\8hC)R2: 00000000000000000000000000000130  88884444222277777777EEEEBBBB0000EEEEDDDD000011111111
oVW]:.y(/L: 0000000000000000000000000000014C  EEEEFFFF00004444CCCCAAAA333355552222DDDDAAAA22225555
oZ4zZe,7iU: 00000000000000000000000000000153  11118888EEEE000011114444FFFF111199995555FFFFCCCCCCCC
oaMliDI0MP: 00000000000000000000000000000160  DDDD55555555888822223333AAAA999922223333999922221111
od^<0x=XOJ: 000000000000000000000000000000FB  2222DDDD2222DDDDDDDDAAAA1111333399990000999922224444
of|GF:\ERp: 000000000000000000000000000001F2  3333AAAA444444446666888855556666555544440000AAAAFFFF
ooasa]<@Nf: 000000000000000000000000000001DF  8888DDDDBBBB3333DDDD66665555555555555555666622220000
ovSf!ZT:x:: 000000000000000000000000000001D0  222222228888AAAADDDD222200007777666655554444FFFF1111
p,j:8XDPet: 00000000000000000000000000000180  AAAA999922220000888800001111111144447777888888881111
p?"\\6:W[': 0000000000000000000000000000003D  8888EEEE6666555599992222DDDD2222FFFFEEEE33338888AAAA
pHH7F#q@Tf: 000000000000000000000000000000A4  0000FFFFEEEE9999DDDD9999AAAAFFFF9999AAAA00006666DDDD
pK64\jo2^3: 000000000000000000000000000001DB  3333DDDDEEEEBBBBAAAA7777EEEE4444CCCC0000222244444444
pdH>yh+*!V: 000000000000000000000000000001CB  3333222200001111999966668888BBBB7777CCCCDDDD55554444
q)epJsSLXU: 0000000000000000000000000000004C  88887777999955558888AAAA9999111155552222FFFF22225555
q2eR!xX[WL: 000000000000000000000000000001C5  999955559999BBBBFFFF888822227777CCCC4444999944442222
qIF%l2 ?a2: 0000000000000000000000000000013F  8888000099998888AAAA4444555533338888FFFFEEEECCCC0000
qIFG* e5Dh: 00000000000000000000000000000138  6666EEEEEEEEFFFFCCCCCCCCEEEE5555AAAA3333222266669999
qOA )SZu?o: 0000000000000000000000000000011B  00009999EEEE33331111DDDD9999444455558888FFFF00004444
qeQNoB 2XG: 00000000000000000000000000000060  0000EEEE66668888FFFF2222FFFFAAAAFFFF7777EEEE22221111
r Zy *qo=Q: 00000000000000000000000000000168  DDDDCCCCCCCCCCCC1111FFFF3333DDDD00007777999977779999
rd)x<>@@H|: 00000000000000000000000000000063  99996666AAAABBBB7777CCCC4444DDDD555544447777BBBBCCCC
rhC::yPt=z: 000000000000000000000000000000DA  3333666633336666BBBBCCCCEEEE000000007777FFFFEEEE7777
s)mViR?i[f: 0000000000000000000000000000016F  AAAAAAAACCCC7777777700006666666600006666888899990000
s.72Y.uzRN: 00000000000000000000000000000027  0000CCCCFFFFAAAAAAAA11117777AAAA66662222000055558888
sO6V^4Wf$%: 000000000000000000000000000001BF  88886666CCCCFFFF77774444222200000000BBBBEEEE44440000
sO}K\{3{o{: 000000000000000000000000000001E0  88887777CCCC0000AAAAFFFF22226666333311116666AAAA1111
smN$i pU-~: 0000000000000000000000000000002C  AAAADDDDEEEE333388885555DDDD3333FFFFEEEE1111CCCC5555
swBzQ#' K<: 0000000000000000000000000000000C  DDDDEEEE777777777777EEEEBBBBEEEECCCCEEEE444466665555
s|r*q`r<U.: 00000000000000000000000000000188  BBBB7777EEEEDDDDBBBB444466664444AAAACCCCCCCCDDDD9999
t%#W-RW1(m: 000000000000000000000000000001EC  BBBB2222FFFF66663333CCCC9999AAAA44448888DDDD00005555
t(MqxaRPSc: 0000000000000000000000000000013C  33337777CCCC55556666FFFF6666999999992222999977775555
tA/AW]X'I!: 000000000000000000000000000001B6  5555333377775555BBBB6666AAAA2222BBBB8888BBBB9999BBBB
tG.{@g?4KT: 0000000000000000000000000000010D  1111CCCCDDDDBBBB666611110000EEEE6666DDDD44443333AAAA
tXSQv5py|~: 000000000000000000000000000001CF  9999888899994444BBBBCCCCAAAA2222CCCC6666888833330000
t[!'v~+5Cs: 000000000000000000000000000001B9  EEEECCCCDDDDDDDD99994444CCCCFFFF33337777FFFFCCCCEEEE
tv*6+LvI'X: 000000000000000000000000000001EF  AAAA99998888FFFF4444777799993333AAAA8888888811110000
u& 8+T&A)E: 00000000000000000000000000000122  AAAA3333444466660000BBBBDDDD66662222777788883333FFFF
u<#x_GXn|Z: 00000000000000000000000000000046  44442222BBBB6666EEEEDDDD5555BBBB66666666EEEE4444BBBB
u?;I>\L_vn: 000000000000000000000000000000D7  99991111FFFFFFFF5555EEEE44447777BBBBEEEE7777AAAA8888
uF?T;*:x0+: 0000000000000000000000000000001A  444466665555BBBB8888BBBB00000000BBBB00005555AAAA7777
uGz7S=#fh:: 00000000000000000000000000000062  77771111DDDD222200000000BBBBDDDD222288885555FFFFFFFF
uI^EYm8s=|: 00000000000000000000000000000002  CCCCFFFF777799995555FFFF11112222999988884444DDDDFFFF
uiP?WXp)Lx: 000000000000000000000000000000DE  FFFF777755556666DDDDFFFFBBBBAAAAFFFF3333000011113333
uqz2E: ><n: 0000000000000000000000000000012C  EEEEEEEEDDDD99998888CCCCFFFF0000BBBB0000CCCCCCCC5555
v%^RG^ci[X: 00000000000000000000000000000016  7777BBBBFFFF999922229999DDDD3333CCCCAAAACCCCBBBBBBBB
v4(kx6HZ.P: 000000000000000000000000000001D2  111100004444777722220000EEEEAAAAAAAA444488884444FFFF
vT1~4)sSy-: 00000000000000000000000000000102  55557777DDDD44440000AAAA777711111111CCCC7777DDDDFFFF
vZl"Ji^AO@: 00000000000000000000000000000066  3333777744444444EEEEEEEE11115555666600008888AAAABBBB
vi@>8jMaYX: 00000000000000000000000000000017  CCCCFFFFFFFF6666AAAA999999997777AAAA6666000066668888
v|?MF#NJXc: 00000000000000000000000000000114  000033337777EEEE5555DDDDCCCC77771111000077773333DDDD
w)98*ZrTi*: 000000000000000000000000000000A3  CCCC4444FFFF0000BBBBAAAA66667777CCCC4444BBBB7777CCCC
w5nn`wa'[p: 0000000000000000000000000000005F  000099997777CCCC666677776666FFFF444455557777AAAA0000
wRLc20[]$|: 000000000000000000000000000001BA  99995555888888886666AAAA4444BBBB99998888666688887777
wkbPT`-op$: 00000000000000000000000000000149  4444333344442222777744441111EEEE0000FFFFAAAABBBBEEEE
xEwa^:84K]: 00000000000000000000000000000064  000099995555CCCC00000000EEEE5555BBBB1111DDDDAAAADDDD
x]w]=Dp6\s: 0000000000000000000000000000002A  6666FFFFEEEEBBBBCCCC000033331111666677771111DDDD7777
xwWRjk&!TN: 0000000000000000000000000000005B  FFFF88884444666655551111FFFFAAAA99995555BBBBCCCC4444
y'w/PZ!x">: 00000000000000000000000000000056  DDDD55554444AAAAAAAA444455553333AAAA444411117777BBBB
yQ$fCiKk=U: 00000000000000000000000000000124  00007777111111115555FFFFCCCC0000AAAA66665555EEEEDDDD
z4tR!jX2xZ: 000000000000000000000000000001B1  CCCC7777666611118888BBBB00002222BBBBDDDDEEEE11116666
zHC)yOdIu!: 00000000000000000000000000000198  11113333CCCC7777CCCCCCCC7777DDDD99993333444488889999
zM}loGC-p&: 00000000000000000000000000000082  CCCC9999DDDD555533336666CCCC55557777222266665555FFFF
zQa@xPZxC\: 00000000000000000000000000000140  FFFFEEEE33338888DDDDCCCCEEEE4444999944449999CCCC1111
z\bR>hcwXI: 00000000000000000000000000000148  33337777DDDDFFFF666699994444666655557777666611119999
zcV"JG<z*:  000000000000000000000000000000C4  EEEE5555FFFF3333AAAAFFFF8888BBBBFFFF55559999CCCCDDDD
{1gQKFq-ms: 00000000000000000000000000000136  5555000088888888BBBB4444777700007777EEEE22221111BBBB
{5PfXKS]\j: 000000000000000000000000000001E3  DDDD6666AAAA22229999BBBB6666222233331111EEEE3333CCCC
{r:}7^u%n*: 00000000000000000000000000000083  BBBBEEEE66661111BBBBAAAA777733330000CCCC11119999CCCC
{vs4n9#j=(: 00000000000000000000000000000183  111177772222222222225555FFFF2222EEEEDDDD00009999CCCC
|0S1(l[u\z: 00000000000000000000000000000115  1111EEEE77774444DDDDCCCCFFFF22227777BBBB111177772222
|xaPO\~!V*: 00000000000000000000000000000035  EEEE2222EEEEFFFFEEEEBBBB2222BBBB9999AAAA999955552222
}"Z(h_8z}]: 000000000000000000000000000001BC  99994444111100007777EEEE9999CCCC6666DDDDEEEEFFFF5555
}Ab[O.eQvR: 000000000000000000000000000000B9  FFFF22225555FFFF5555BBBB8888EEEEEEEEBBBB8888CCCCEEEE
}[v>zyMKz%: 00000000000000000000000000000014  99997777777722222222999911116666DDDDBBBBCCCC3333DDDD
}]Kk&:go'F: 0000000000000000000000000000007F  BBBB888888886666CCCCDDDDBBBB1111DDDD3333FFFF88880000
}dA7*<6[lx: 00000000000000000000000000000018  6666FFFF77775555CCCC88881111AAAA00000000CCCC00009999
}h8EN;2o)C: 0000000000000000000000000000014F  8888BBBB888888882222222266665555666688888888BBBB0000
}u<j~5iIvK: 000000000000000000000000000000B5  3333CCCC77775555BBBB6666CCCC8888EEEE00004444DDDD2222
~%.@@,3>7+: 0000000000000000000000000000001B  FFFFDDDD333399999999666644449999BBBB2222000000004444
~,,7&.rsRw: 000000000000000000000000000000CD  EEEE9999DDDDCCCC33339999AAAA5555BBBB6666EEEE7777AAAA
~B1./Kmu(c: 00000000000000000000000000000110  111122221111CCCCDDDD5555000088886666DDDD8888BBBB1111
~\ptsn1L{/: 00000000000000000000000000000049  CCCC0000FFFFCCCC7777BBBB333300003333FFFF3333BBBBEEEE
~sHd0jDv6X: 00000000000000000000000000000001  77779999444488885555CCCC777755555555BBBB666644446666
~u;f>dlAGG: 000000000000000000000000000000F6  1111DDDD555500008888CCCC222288884444EEEEDDDD5555BBBB